{"/Users/sophiebrown/Projects/Makers/Week-10/snack-shack/src/shack.js": {"path":"/Users/sophiebrown/Projects/Makers/Week-10/snack-shack/src/shack.js","statementMap":{"0":{"start":{"line":3,"column":4},"end":{"line":3,"column":25}},"1":{"start":{"line":4,"column":4},"end":{"line":4,"column":25}},"2":{"start":{"line":5,"column":4},"end":{"line":5,"column":23}},"3":{"start":{"line":9,"column":21},"end":{"line":9,"column":32}},"4":{"start":{"line":10,"column":4},"end":{"line":17,"column":5}},"5":{"start":{"line":11,"column":6},"end":{"line":11,"column":77}},"6":{"start":{"line":13,"column":9},"end":{"line":17,"column":5}},"7":{"start":{"line":14,"column":6},"end":{"line":14,"column":34}},"8":{"start":{"line":15,"column":6},"end":{"line":15,"column":29}},"9":{"start":{"line":16,"column":4},"end":{"line":16,"column":52}},"10":{"start":{"line":21,"column":15},"end":{"line":21,"column":17}},"11":{"start":{"line":22,"column":21},"end":{"line":22,"column":37}},"12":{"start":{"line":23,"column":4},"end":{"line":33,"column":3}},"13":{"start":{"line":24,"column":6},"end":{"line":24,"column":56}},"14":{"start":{"line":25,"column":14},"end":{"line":25,"column":15}},"15":{"start":{"line":26,"column":6},"end":{"line":31,"column":5}},"16":{"start":{"line":27,"column":8},"end":{"line":27,"column":72}},"17":{"start":{"line":28,"column":8},"end":{"line":28,"column":46}},"18":{"start":{"line":29,"column":8},"end":{"line":29,"column":11}},"19":{"start":{"line":32,"column":4},"end":{"line":32,"column":15}},"20":{"start":{"line":37,"column":0},"end":{"line":37,"column":22}}},"fnMap":{"0":{"name":"(anonymous_0)","decl":{"start":{"line":2,"column":2},"end":{"line":2,"column":3}},"loc":{"start":{"line":2,"column":15},"end":{"line":6,"column":3}},"line":2},"1":{"name":"(anonymous_1)","decl":{"start":{"line":8,"column":2},"end":{"line":8,"column":3}},"loc":{"start":{"line":8,"column":22},"end":{"line":18,"column":3}},"line":8},"2":{"name":"(anonymous_2)","decl":{"start":{"line":20,"column":2},"end":{"line":20,"column":3}},"loc":{"start":{"line":20,"column":41},"end":{"line":34,"column":1}},"line":20}},"branchMap":{"0":{"loc":{"start":{"line":10,"column":4},"end":{"line":17,"column":5}},"type":"if","locations":[{"start":{"line":10,"column":4},"end":{"line":17,"column":5}},{"start":{"line":10,"column":4},"end":{"line":17,"column":5}}],"line":10},"1":{"loc":{"start":{"line":13,"column":9},"end":{"line":17,"column":5}},"type":"if","locations":[{"start":{"line":13,"column":9},"end":{"line":17,"column":5}},{"start":{"line":13,"column":9},"end":{"line":17,"column":5}}],"line":13},"2":{"loc":{"start":{"line":23,"column":4},"end":{"line":33,"column":3}},"type":"if","locations":[{"start":{"line":23,"column":4},"end":{"line":33,"column":3}},{"start":{"line":23,"column":4},"end":{"line":33,"column":3}}],"line":23},"3":{"loc":{"start":{"line":27,"column":20},"end":{"line":27,"column":41}},"type":"cond-expr","locations":[{"start":{"line":27,"column":30},"end":{"line":27,"column":32}},{"start":{"line":27,"column":34},"end":{"line":27,"column":41}}],"line":27}},"s":{"0":1,"1":1,"2":1,"3":4,"4":4,"5":2,"6":2,"7":2,"8":2,"9":2,"10":1,"11":1,"12":1,"13":1,"14":1,"15":1,"16":1,"17":1,"18":1,"19":1,"20":1},"f":{"0":1,"1":4,"2":1},"b":{"0":[2,2],"1":[2,0],"2":[1,0],"3":[1,0]},"_coverageSchema":"1a1c01bbd47fc00a2c39e90264f33305004495a9","hash":"687b3827e6340ee92be7bfbee67a98bfb0fe0131"}
}
